<?xml version="1.0" encoding="UTF-8"?>
<!-- Generated by org.testng.reporters.JUnitReportReporter -->
<testsuite skipped="0" hostname="DESKTOP-0FC8C65" name="testCaseTwo.testTwo" tests="2" failures="0" timestamp="2020-12-21T07:08:55 CST" time="0.025" errors="0">
  <testcase name="testURL" time="0.009" classname="testCaseTwo.testTwo"/>
  <system-out/>
  <testcase name="testTitle" time="0.016" classname="testCaseTwo.testTwo"/>
  <system-out/>
</testsuite> <!-- testCaseTwo.testTwo -->
